<?xml version="1.0" encoding="UTF-8"?>
<testng-results skipped="0" failed="0" ignored="0" total="1" passed="1">
  <reporter-output>
  </reporter-output>
  <suite name="Default suite" duration-ms="3482" started-at="2020-07-22T19:35:30 CDT" finished-at="2020-07-22T19:35:33 CDT">
    <groups>
    </groups>
    <test name="Default test" duration-ms="3482" started-at="2020-07-22T19:35:30 CDT" finished-at="2020-07-22T19:35:33 CDT">
      <class name="restAssuredAPIProject.TC03_Get_RestAssuredAPI">
        <test-method status="PASS" signature="amazon()[pri:0, instance:restAssuredAPIProject.TC03_Get_RestAssuredAPI@694e1548]" name="amazon" duration-ms="3440" started-at="2020-07-22T19:35:30 CDT" finished-at="2020-07-22T19:35:33 CDT">
          <reporter-output>
          </reporter-output>
        </test-method> <!-- amazon -->
      </class> <!-- restAssuredAPIProject.TC03_Get_RestAssuredAPI -->
    </test> <!-- Default test -->
  </suite> <!-- Default suite -->
</testng-results>
