<?xml version="1.0" encoding="UTF-8"?>
<!-- Generated by org.testng.reporters.JUnitXMLReporter -->
<testsuite hostname="DESKTOP-12MIOQE" ignored="0" name="smoke suite file" tests="4" failures="0" timestamp="2020-07-21T10:39:40 CDT" time="84.946" errors="0">
  <testcase name="test1" time="31.664" classname="grpID.artifactID.sampleTestNG"/>
  <testcase name="demo1" time="13.012" classname="com.demo1.testDemo1"/>
  <testcase name="demo1" time="27.689" classname="com.demo1.testDemo1"/>
  <testcase name="demo1" time="12.538" classname="com.demo1.testDemo1"/>
</testsuite> <!-- smoke suite file -->
